/*C14*/SET SCHEMA PUBLIC
DELETE FROM ADRESSINFO WHERE ADRESS_ID=2
COMMIT
DELETE FROM ADRESSINFO WHERE ADRESS_ID=3
COMMIT
DELETE FROM ADRESSINFO WHERE ADRESS_ID=4
COMMIT
DELETE FROM ADRESSINFO WHERE ADRESS_ID=5
COMMIT
DELETE FROM MITARBEITERSTAMM WHERE PERSON_ID=6
COMMIT
DELETE FROM MITARBEITERLOGIN WHERE M_ID=2
COMMIT
DELETE FROM MITARBEITERLOGIN WHERE M_ID=3
COMMIT
DELETE FROM MITARBEITERLOGIN WHERE M_ID=4
COMMIT
DELETE FROM MITARBEITERLOGIN WHERE M_ID=5
COMMIT
DELETE FROM MITARBEITERLOGIN WHERE M_ID=6
COMMIT
DELETE FROM AKTENSTAMM WHERE AKTEN_ID=2
COMMIT
DELETE FROM AKTENSTAMM WHERE AKTEN_ID=3
COMMIT
DELETE FROM AKTENSTAMM WHERE AKTEN_ID=4
COMMIT
DELETE FROM AKTENSTAMM WHERE AKTEN_ID=5
COMMIT
DELETE FROM AKTENSTAMM WHERE AKTEN_ID=6
COMMIT
DELETE FROM ADRESSINFO WHERE ADRESS_ID=6
COMMIT
DELETE FROM JOBINFO WHERE JOB_ID=2
COMMIT
DELETE FROM JOBINFO WHERE JOB_ID=3
COMMIT
DELETE FROM JOBINFO WHERE JOB_ID=4
COMMIT
DELETE FROM JOBINFO WHERE JOB_ID=5
COMMIT
DELETE FROM JOBINFO WHERE JOB_ID=6
COMMIT
DISCONNECT
