/*C3*/SET SCHEMA PUBLIC
DISCONNECT
/*C4*/SET SCHEMA PUBLIC
DELETE FROM PERSONALAKTE WHERE ID=2
INSERT INTO PERSONALAKTE VALUES(2,'Herr','lennard','maximus','uwu','12.12.1212','012453535','lennard@hotmail.com','strassseeeee','4','b','ber','teste','23232','coo','69','Gui','test','420','brandenburg','2022-07-19T17:29:57.679247800','2022-07-22T21:48:54.094121300')
COMMIT
DISCONNECT
/*C5*/SET SCHEMA PUBLIC
DISCONNECT
/*C6*/SET SCHEMA PUBLIC
DISCONNECT
/*C7*/SET SCHEMA PUBLIC
DISCONNECT
/*C8*/SET SCHEMA PUBLIC
DISCONNECT
/*C9*/SET SCHEMA PUBLIC
DISCONNECT
/*C10*/SET SCHEMA PUBLIC
DISCONNECT
/*C11*/SET SCHEMA PUBLIC
DISCONNECT
/*C12*/SET SCHEMA PUBLIC
DISCONNECT
/*C13*/SET SCHEMA PUBLIC
DISCONNECT
